<?xml version="1.0" encoding="UTF-8"?>
<!-- Generated by org.testng.reporters.JUnitXMLReporter -->
<testsuite ignored="17" hostname="Shika-Laptop" failures="0" tests="6" name="TestNG" time="35.815" errors="0" timestamp="2023-08-24T11:11:41 EDT">
  <testcase classname="testLayer.FiltrationTest" name="user_must_be_able_to_select_filters" time="7.925"/>
  <testcase classname="testLayer.LoginSecurityTest" name="user_must_be_able_to_edit_securityDetails" time="4.152"/>
  <testcase classname="testLayer.SearchingTest" name="user_must_be_able_to_search_with_keyword" time="3.072"/>
  <testcase classname="testLayer.ShoppingCartTest" name="user_must_be_able_to_add_items_to_cart" time="7.751"/>
  <testcase classname="testLayer.YourAddressTest" name="User_Must_be_able_to_add_address" time="3.285"/>
  <testcase classname="testLayer.YourOrdersTest" name="user_must_be_able_to_see_orderHistory" time="5.544"/>
  <testcase classname="basePackage.BaseSignin" name="@BeforeSuite signininitiate" time="0.0">
    <ignored/>
  </testcase> <!-- @BeforeSuite signininitiate -->
  <testcase classname="basePackage.BaseSignin" name="@BeforeSuite signininitiate" time="0.0">
    <ignored/>
  </testcase> <!-- @BeforeSuite signininitiate -->
  <testcase classname="basePackage.BaseSignin" name="@AfterSuite destroy" time="0.0">
    <ignored/>
  </testcase> <!-- @AfterSuite destroy -->
  <testcase classname="testLayer.CreateAccountFormTest" name="signup_should_pass_on_valid_entry" time="0.0">
    <ignored/>
  </testcase> <!-- signup_should_pass_on_valid_entry -->
  <testcase classname="basePackage.BaseSignin" name="@BeforeSuite signininitiate" time="0.0">
    <ignored/>
  </testcase> <!-- @BeforeSuite signininitiate -->
  <testcase classname="testLayer.SigninTest" name="Signin" time="0.0">
    <ignored/>
  </testcase> <!-- Signin -->
  <testcase classname="basePackage.BaseSignin" name="@BeforeSuite signininitiate" time="0.0">
    <ignored/>
  </testcase> <!-- @BeforeSuite signininitiate -->
  <testcase classname="basePackage.BaseSignin" name="@BeforeSuite signininitiate" time="0.0">
    <ignored/>
  </testcase> <!-- @BeforeSuite signininitiate -->
  <testcase classname="basePackage.BaseSignin" name="@BeforeSuite signininitiate" time="0.0">
    <ignored/>
  </testcase> <!-- @BeforeSuite signininitiate -->
  <testcase classname="basePackage.BaseSignin" name="@AfterSuite destroy" time="0.0">
    <ignored/>
  </testcase> <!-- @AfterSuite destroy -->
  <testcase classname="basePackage.BaseSignin" name="@AfterSuite destroy" time="0.0">
    <ignored/>
  </testcase> <!-- @AfterSuite destroy -->
  <testcase classname="basePackage.BaseSignin" name="@AfterSuite destroy" time="0.0">
    <ignored/>
  </testcase> <!-- @AfterSuite destroy -->
  <testcase classname="testLayer.YourPaymentsTest" name="user_must_get_an_error_message_on_leaving_CVVfield_empty" time="0.0">
    <ignored/>
  </testcase> <!-- user_must_get_an_error_message_on_leaving_CVVfield_empty -->
  <testcase classname="basePackage.BaseSignin" name="@BeforeSuite signininitiate" time="0.0">
    <ignored/>
  </testcase> <!-- @BeforeSuite signininitiate -->
  <testcase classname="basePackage.BaseSignin" name="@AfterSuite destroy" time="0.0">
    <ignored/>
  </testcase> <!-- @AfterSuite destroy -->
  <testcase classname="basePackage.BaseSignin" name="@AfterSuite destroy" time="0.0">
    <ignored/>
  </testcase> <!-- @AfterSuite destroy -->
  <testcase classname="basePackage.BaseSignin" name="@AfterSuite destroy" time="0.0">
    <ignored/>
  </testcase> <!-- @AfterSuite destroy -->
</testsuite> <!-- TestNG -->
