<?xml version="1.0" encoding="UTF-8"?>
<testng-results ignored="17" total="23" passed="6" failed="0" skipped="0">
  <reporter-output>
  </reporter-output>
  <suite started-at="2023-08-24T11:11:05 EDT" name="AmazonTDD" finished-at="2023-08-24T11:11:41 EDT" duration-ms="35815">
    <groups>
      <group name="signedIn">
        <method signature="FiltrationTest.user_must_be_able_to_select_filters()[pri:0, instance:testLayer.FiltrationTest@5d58c727]" name="user_must_be_able_to_select_filters" class="testLayer.FiltrationTest"/>
        <method signature="LoginSecurityTest.user_must_be_able_to_edit_securityDetails()[pri:0, instance:testLayer.LoginSecurityTest@3a095ec0]" name="user_must_be_able_to_edit_securityDetails" class="testLayer.LoginSecurityTest"/>
        <method signature="SearchingTest.user_must_be_able_to_search_with_keyword()[pri:0, instance:testLayer.SearchingTest@4f20a5e0]" name="user_must_be_able_to_search_with_keyword" class="testLayer.SearchingTest"/>
        <method signature="ShoppingCartTest.user_must_be_able_to_add_items_to_cart()[pri:0, instance:testLayer.ShoppingCartTest@1d782abe]" name="user_must_be_able_to_add_items_to_cart" class="testLayer.ShoppingCartTest"/>
        <method signature="YourAddressTest.User_Must_be_able_to_add_address()[pri:0, instance:testLayer.YourAddressTest@27b22f74]" name="User_Must_be_able_to_add_address" class="testLayer.YourAddressTest"/>
        <method signature="YourOrdersTest.user_must_be_able_to_see_orderHistory()[pri:0, instance:testLayer.YourOrdersTest@7e8a46b7]" name="user_must_be_able_to_see_orderHistory" class="testLayer.YourOrdersTest"/>
      </group> <!-- signedIn -->
    </groups>
    <test started-at="2023-08-24T11:11:05 EDT" name="TestNG" finished-at="2023-08-24T11:11:41 EDT" duration-ms="35815">
      <class name="testLayer.SearchingTest">
        <test-method is-config="true" signature="home()[pri:0, instance:testLayer.SearchingTest@4f20a5e0]" started-at="2023-08-24T11:11:18 EDT" name="home" finished-at="2023-08-24T11:11:19 EDT" duration-ms="668" status="PASS">
          <reporter-output>
          </reporter-output>
        </test-method> <!-- home -->
        <test-method signature="user_must_be_able_to_search_with_keyword()[pri:0, instance:testLayer.SearchingTest@4f20a5e0]" started-at="2023-08-24T11:11:19 EDT" name="user_must_be_able_to_search_with_keyword" finished-at="2023-08-24T11:11:22 EDT" duration-ms="3072" status="PASS">
          <reporter-output>
          </reporter-output>
        </test-method> <!-- user_must_be_able_to_search_with_keyword -->
      </class> <!-- testLayer.SearchingTest -->
      <class name="testLayer.FiltrationTest">
        <test-method is-config="true" signature="home()[pri:0, instance:testLayer.FiltrationTest@5d58c727]" started-at="2023-08-24T11:11:05 EDT" name="home" finished-at="2023-08-24T11:11:05 EDT" duration-ms="592" status="PASS">
          <reporter-output>
          </reporter-output>
        </test-method> <!-- home -->
        <test-method signature="user_must_be_able_to_select_filters()[pri:0, instance:testLayer.FiltrationTest@5d58c727]" started-at="2023-08-24T11:11:05 EDT" name="user_must_be_able_to_select_filters" finished-at="2023-08-24T11:11:13 EDT" duration-ms="7925" status="PASS">
          <reporter-output>
          </reporter-output>
        </test-method> <!-- user_must_be_able_to_select_filters -->
      </class> <!-- testLayer.FiltrationTest -->
      <class name="testLayer.SigninTest">
        <test-method is-config="true" signature="signininitiate()[pri:0, instance:testLayer.SigninTest@4fe01803]" started-at="2023-08-24T11:10:58 EDT" name="signininitiate" finished-at="2023-08-24T11:11:05 EDT" duration-ms="6601" status="PASS">
          <reporter-output>
          </reporter-output>
        </test-method> <!-- signininitiate -->
        <test-method is-config="true" signature="destroy()[pri:0, instance:testLayer.SigninTest@4fe01803]" started-at="2023-08-24T11:11:41 EDT" name="destroy" finished-at="2023-08-24T11:11:41 EDT" duration-ms="179" status="PASS">
          <reporter-output>
          </reporter-output>
        </test-method> <!-- destroy -->
      </class> <!-- testLayer.SigninTest -->
      <class name="testLayer.YourOrdersTest">
        <test-method is-config="true" signature="home()[pri:0, instance:testLayer.YourOrdersTest@7e8a46b7]" started-at="2023-08-24T11:11:34 EDT" name="home" finished-at="2023-08-24T11:11:35 EDT" duration-ms="600" status="PASS">
          <reporter-output>
          </reporter-output>
        </test-method> <!-- home -->
        <test-method signature="user_must_be_able_to_see_orderHistory()[pri:0, instance:testLayer.YourOrdersTest@7e8a46b7]" started-at="2023-08-24T11:11:35 EDT" name="user_must_be_able_to_see_orderHistory" finished-at="2023-08-24T11:11:41 EDT" duration-ms="5544" status="PASS">
          <reporter-output>
          </reporter-output>
        </test-method> <!-- user_must_be_able_to_see_orderHistory -->
      </class> <!-- testLayer.YourOrdersTest -->
      <class name="testLayer.YourAddressTest">
        <test-method is-config="true" signature="home()[pri:0, instance:testLayer.YourAddressTest@27b22f74]" started-at="2023-08-24T11:11:30 EDT" name="home" finished-at="2023-08-24T11:11:31 EDT" duration-ms="761" status="PASS">
          <reporter-output>
          </reporter-output>
        </test-method> <!-- home -->
        <test-method signature="User_Must_be_able_to_add_address()[pri:0, instance:testLayer.YourAddressTest@27b22f74]" started-at="2023-08-24T11:11:31 EDT" name="User_Must_be_able_to_add_address" finished-at="2023-08-24T11:11:34 EDT" duration-ms="3285" status="PASS">
          <reporter-output>
          </reporter-output>
        </test-method> <!-- User_Must_be_able_to_add_address -->
      </class> <!-- testLayer.YourAddressTest -->
      <class name="testLayer.LoginSecurityTest">
        <test-method is-config="true" signature="home()[pri:0, instance:testLayer.LoginSecurityTest@3a095ec0]" started-at="2023-08-24T11:11:13 EDT" name="home" finished-at="2023-08-24T11:11:14 EDT" duration-ms="743" status="PASS">
          <reporter-output>
          </reporter-output>
        </test-method> <!-- home -->
        <test-method signature="user_must_be_able_to_edit_securityDetails()[pri:0, instance:testLayer.LoginSecurityTest@3a095ec0]" started-at="2023-08-24T11:11:14 EDT" name="user_must_be_able_to_edit_securityDetails" finished-at="2023-08-24T11:11:18 EDT" duration-ms="4152" status="PASS">
          <reporter-output>
          </reporter-output>
        </test-method> <!-- user_must_be_able_to_edit_securityDetails -->
      </class> <!-- testLayer.LoginSecurityTest -->
      <class name="testLayer.ShoppingCartTest">
        <test-method is-config="true" signature="home()[pri:0, instance:testLayer.ShoppingCartTest@1d782abe]" started-at="2023-08-24T11:11:22 EDT" name="home" finished-at="2023-08-24T11:11:23 EDT" duration-ms="685" status="PASS">
          <reporter-output>
          </reporter-output>
        </test-method> <!-- home -->
        <test-method signature="user_must_be_able_to_add_items_to_cart()[pri:0, instance:testLayer.ShoppingCartTest@1d782abe]" started-at="2023-08-24T11:11:23 EDT" name="user_must_be_able_to_add_items_to_cart" finished-at="2023-08-24T11:11:30 EDT" duration-ms="7751" status="PASS">
          <reporter-output>
          </reporter-output>
        </test-method> <!-- user_must_be_able_to_add_items_to_cart -->
      </class> <!-- testLayer.ShoppingCartTest -->
    </test> <!-- TestNG -->
  </suite> <!-- AmazonTDD -->
</testng-results>
